[debug] [2024-11-11T17:31:10.487Z] ----------------------------------------------------------------------
[debug] [2024-11-11T17:31:10.490Z] Command:       C:\Program Files\nodejs\node.exe C:\Users\Sebastian\AppData\Roaming\npm\node_modules\firebase-tools\lib\bin\firebase.js init
[debug] [2024-11-11T17:31:10.490Z] CLI Version:   13.24.1
[debug] [2024-11-11T17:31:10.490Z] Platform:      win32
[debug] [2024-11-11T17:31:10.490Z] Node Version:  v20.17.0
[debug] [2024-11-11T17:31:10.490Z] Time:          Mon Nov 11 2024 12:31:10 GMT-0500 (Colombia Standard Time)
[debug] [2024-11-11T17:31:10.490Z] ----------------------------------------------------------------------
[debug] 
[debug] [2024-11-11T17:31:10.493Z] >>> [apiv2][query] GET https://firebase-public.firebaseio.com/cli.json [none]
[debug] [2024-11-11T17:31:10.527Z] > command requires scopes: ["email","openid","https://www.googleapis.com/auth/cloudplatformprojects.readonly","https://www.googleapis.com/auth/firebase","https://www.googleapis.com/auth/cloud-platform"]
[debug] [2024-11-11T17:31:10.527Z] > authorizing via signed-in user (acacloudcptng@gmail.com)
[info] 
     ######## #### ########  ######## ########     ###     ######  ########
     ##        ##  ##     ## ##       ##     ##  ##   ##  ##       ##
     ######    ##  ########  ######   ########  #########  ######  ######
     ##        ##  ##    ##  ##       ##     ## ##     ##       ## ##
     ##       #### ##     ## ######## ########  ##     ##  ######  ########

You're about to initialize a Firebase project in this directory:

  C:\Users\Sebastian\Documents\projects\angular\crudCloudComputing

[debug] [2024-11-11T17:31:10.926Z] <<< [apiv2][status] GET https://firebase-public.firebaseio.com/cli.json 200
[debug] [2024-11-11T17:31:10.926Z] <<< [apiv2][body] GET https://firebase-public.firebaseio.com/cli.json {"cloudBuildErrorAfter":1594252800000,"cloudBuildWarnAfter":1590019200000,"defaultNode10After":1594252800000,"minVersion":"3.0.5","node8DeploysDisabledAfter":1613390400000,"node8RuntimeDisabledAfter":1615809600000,"node8WarnAfter":1600128000000}
[info] 
=== Project Setup
[info] 
[info] First, let's associate this project directory with a Firebase project.
[info] You can create multiple project aliases by running firebase use --add, 
[info] but for now we'll just set up a default project.
[info] 
[debug] [2024-11-11T17:31:39.598Z] Checked if tokens are valid: false, expires at: 1731018194626
[debug] [2024-11-11T17:31:39.598Z] Checked if tokens are valid: false, expires at: 1731018194626
[debug] [2024-11-11T17:31:39.598Z] > refreshing access token with scopes: []
[debug] [2024-11-11T17:31:39.599Z] >>> [apiv2][query] POST https://www.googleapis.com/oauth2/v3/token [none]
[debug] [2024-11-11T17:31:39.599Z] >>> [apiv2][body] POST https://www.googleapis.com/oauth2/v3/token [omitted]
[debug] [2024-11-11T17:31:39.951Z] <<< [apiv2][status] POST https://www.googleapis.com/oauth2/v3/token 200
[debug] [2024-11-11T17:31:39.951Z] <<< [apiv2][body] POST https://www.googleapis.com/oauth2/v3/token [omitted]
[debug] [2024-11-11T17:31:39.959Z] >>> [apiv2][query] GET https://firebase.googleapis.com/v1beta1/projects pageSize=100
[debug] [2024-11-11T17:31:40.520Z] <<< [apiv2][status] GET https://firebase.googleapis.com/v1beta1/projects 200
[debug] [2024-11-11T17:31:40.521Z] <<< [apiv2][body] GET https://firebase.googleapis.com/v1beta1/projects [omitted]
[info] i  Using project crud-aca-cloudcomputing (Crud-ACA-CloudComputing) 
[info] 
=== Hosting Setup
[debug] [2024-11-11T17:31:53.603Z] Checked if tokens are valid: true, expires at: 1731349898951
[debug] [2024-11-11T17:31:53.603Z] Checked if tokens are valid: true, expires at: 1731349898951
[debug] [2024-11-11T17:31:53.603Z] >>> [apiv2][query] GET https://firebase.googleapis.com/v1beta1/projects/crud-aca-cloudcomputing [none]
[debug] [2024-11-11T17:31:54.204Z] <<< [apiv2][status] GET https://firebase.googleapis.com/v1beta1/projects/crud-aca-cloudcomputing 200
[debug] [2024-11-11T17:31:54.204Z] <<< [apiv2][body] GET https://firebase.googleapis.com/v1beta1/projects/crud-aca-cloudcomputing {"projectId":"crud-aca-cloudcomputing","projectNumber":"49267842645","displayName":"Crud-ACA-CloudComputing","name":"projects/crud-aca-cloudcomputing","resources":{"hostingSite":"crud-aca-cloudcomputing"},"state":"ACTIVE","etag":"1_2a4db8ca-6c12-40b8-a766-4129850534cf"}
[info] 
[info] Your public directory is the folder (relative to your project directory) that
[info] will contain Hosting assets to be uploaded with firebase deploy. If you
[info] have a build process for your assets, use your build's output directory.
[info] 
[debug] [2024-11-11T17:32:07.124Z] >>> [apiv2][query] GET https://www.gstatic.com/firebasejs/releases.json [none]
[debug] [2024-11-11T17:32:07.283Z] <<< [apiv2][status] GET https://www.gstatic.com/firebasejs/releases.json 200
[debug] [2024-11-11T17:32:07.283Z] <<< [apiv2][body] GET https://www.gstatic.com/firebasejs/releases.json {"current":{"version":"11.0.1","browserURL":"https://www.gstatic.com/firebasejs/11.0.1/firebase.js","packageURL":"https://www.gstatic.com/firebasejs/11.0.1/firebase.tgz"},"live":{"version":"11.0","browserURL":"https://www.gstatic.com/firebasejs/live/11.0/firebase.js","packageURL":"https://www.gstatic.com/firebasejs/live/11.0/firebase.tgz"},"components":{"analytics":"https://www.gstatic.com/firebasejs/11.0.1/firebase-analytics.js","app":"https://www.gstatic.com/firebasejs/11.0.1/firebase-app.js","app-check":"https://www.gstatic.com/firebasejs/11.0.1/firebase-app-check.js","auth":"https://www.gstatic.com/firebasejs/11.0.1/firebase-auth.js","auth/cordova":"https://www.gstatic.com/firebasejs/11.0.1/firebase-auth/cordova.js","auth/web-extension":"https://www.gstatic.com/firebasejs/11.0.1/firebase-auth/web-extension.js","functions":"https://www.gstatic.com/firebasejs/11.0.1/firebase-functions.js","firestore":"https://www.gstatic.com/firebasejs/11.0.1/firebase-firestore.js","firestore/lite":"https://www.gstatic.com/firebasejs/11.0.1/firebase-firestore/lite.js","installations":"https://www.gstatic.com/firebasejs/11.0.1/firebase-installations.js","storage":"https://www.gstatic.com/firebasejs/11.0.1/firebase-storage.js","performance":"https://www.gstatic.com/firebasejs/11.0.1/firebase-performance.js","remote-config":"https://www.gstatic.com/firebasejs/11.0.1/firebase-remote-config.js","messaging":"https://www.gstatic.com/firebasejs/11.0.1/firebase-messaging.js","messaging/sw":"https://www.gstatic.com/firebasejs/11.0.1/firebase-messaging/sw.js","database":"https://www.gstatic.com/firebasejs/11.0.1/firebase-database.js","vertexai":"https://www.gstatic.com/firebasejs/11.0.1/firebase-vertexai.js","data-connect":"https://www.gstatic.com/firebasejs/11.0.1/firebase-data-connect.js","firestore.memory":"https://www.gstatic.com/firebasejs/11.0.1/firebase-firestore.memory.js"}}
[info] +  Wrote public/index.html 
[info] 
[info] i  Didn't detect a .git folder. Assuming C:\Users\Sebastian\Documents\projects\angular\crudCloudComputing is the project root. 
[info] i  Authorizing with GitHub to upload your service account to a GitHub repository's secrets store. 
[info] 
[info] Visit this URL on this device to log in:
[info] https://github.com/login/oauth/authorize?client_id=89cf50f02ac6aaed3484&state=494600239&redirect_uri=http%3A%2F%2Flocalhost%3A9005&scope=read%3Auser%20repo%20public_repo
[info] 
[info] Waiting for authentication...
[debug] [2024-11-11T17:32:12.653Z] >>> [apiv2][query] POST https://github.com/login/oauth/access_token [none]
[debug] [2024-11-11T17:32:12.653Z] >>> [apiv2][body] POST https://github.com/login/oauth/access_token [stream]
[debug] [2024-11-11T17:32:13.070Z] <<< [apiv2][status] POST https://github.com/login/oauth/access_token 200
[debug] [2024-11-11T17:32:13.070Z] <<< [apiv2][body] POST https://github.com/login/oauth/access_token {"access_token":"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","token_type":"bearer","scope":"read:user,repo"}
[debug] [2024-11-11T17:32:13.073Z] >>> [apiv2][query] GET https://api.github.com/user [none]
[debug] [2024-11-11T17:32:13.494Z] <<< [apiv2][status] GET https://api.github.com/user 200
[debug] [2024-11-11T17:32:13.494Z] <<< [apiv2][body] GET https://api.github.com/user {"login":"AcaCloudComputing","id":187210327,"node_id":"U_kgDOCyiaVw","avatar_url":"https://avatars.githubusercontent.com/u/187210327?v=4","gravatar_id":"","url":"https://api.github.com/users/AcaCloudComputing","html_url":"https://github.com/AcaCloudComputing","followers_url":"https://api.github.com/users/AcaCloudComputing/followers","following_url":"https://api.github.com/users/AcaCloudComputing/following{/other_user}","gists_url":"https://api.github.com/users/AcaCloudComputing/gists{/gist_id}","starred_url":"https://api.github.com/users/AcaCloudComputing/starred{/owner}{/repo}","subscriptions_url":"https://api.github.com/users/AcaCloudComputing/subscriptions","organizations_url":"https://api.github.com/users/AcaCloudComputing/orgs","repos_url":"https://api.github.com/users/AcaCloudComputing/repos","events_url":"https://api.github.com/users/AcaCloudComputing/events{/privacy}","received_events_url":"https://api.github.com/users/AcaCloudComputing/received_events","type":"User","user_view_type":"private","site_admin":false,"name":null,"company":null,"blog":"","location":null,"email":null,"hireable":null,"bio":null,"twitter_username":null,"notification_email":null,"public_repos":1,"public_gists":0,"followers":0,"following":1,"created_at":"2024-11-03T18:49:10Z","updated_at":"2024-11-03T18:49:23Z","private_gists":0,"total_private_repos":0,"owned_private_repos":0,"disk_usage":0,"collaborators":0,"two_factor_authentication":false,"plan":{"name":"free","space":976562499,"collaborators":0,"private_repos":10000}}
[info] 
[info] +  Success! Logged into GitHub as AcaCloudComputing 
[info] 
[debug] [2024-11-11T17:32:21.241Z] >>> [apiv2][query] GET https://api.github.com/repos//actions/secrets/public-key type=owner
[debug] [2024-11-11T17:32:21.602Z] <<< [apiv2][status] GET https://api.github.com/repos//actions/secrets/public-key 404
[debug] [2024-11-11T17:32:21.602Z] <<< [apiv2][body] GET https://api.github.com/repos//actions/secrets/public-key {"message":"Not Found","documentation_url":"https://docs.github.com/rest","status":"404"}
[info] 
[info] 
[error] !  The provided authorization cannot be used with this repository. If this repository is in an organization, did you remember to grant access? 
[info] 
[info] i  Action required: Visit this URL to ensure access has been granted to the appropriate organization(s) for the Firebase CLI GitHub OAuth App: 
[info] https://github.com/settings/connections/applications/89cf50f02ac6aaed3484
[info] 
[debug] [2024-11-11T17:32:28.116Z] >>> [apiv2][query] GET https://api.github.com/repos/no/actions/secrets/public-key type=owner
[debug] [2024-11-11T17:32:28.444Z] <<< [apiv2][status] GET https://api.github.com/repos/no/actions/secrets/public-key 404
[debug] [2024-11-11T17:32:28.444Z] <<< [apiv2][body] GET https://api.github.com/repos/no/actions/secrets/public-key {"message":"Not Found","documentation_url":"https://docs.github.com/rest","status":"404"}
[info] 
[info] 
[error] !  The provided authorization cannot be used with this repository. If this repository is in an organization, did you remember to grant access? 
[info] 
[info] i  Action required: Visit this URL to ensure access has been granted to the appropriate organization(s) for the Firebase CLI GitHub OAuth App: 
[info] https://github.com/settings/connections/applications/89cf50f02ac6aaed3484
[info] 
[debug] [2024-11-11T17:32:29.765Z] >>> [apiv2][query] GET https://api.github.com/repos/no/actions/secrets/public-key type=owner
[debug] [2024-11-11T17:32:29.895Z] <<< [apiv2][status] GET https://api.github.com/repos/no/actions/secrets/public-key 404
[debug] [2024-11-11T17:32:29.895Z] <<< [apiv2][body] GET https://api.github.com/repos/no/actions/secrets/public-key {"message":"Not Found","documentation_url":"https://docs.github.com/rest","status":"404"}
[info] 
[info] 
[error] !  The provided authorization cannot be used with this repository. If this repository is in an organization, did you remember to grant access? 
[info] 
[info] i  Action required: Visit this URL to ensure access has been granted to the appropriate organization(s) for the Firebase CLI GitHub OAuth App: 
[info] https://github.com/settings/connections/applications/89cf50f02ac6aaed3484
[info] 
